<?xml version="1.0" encoding="UTF-8"?>
<!-- Generated by org.testng.reporters.JUnitXMLReporter -->
<testsuite hostname="Adityaalok" ignored="0" name="Get_Request" tests="1" failures="0" timestamp="01 Nov 2019 05:52:51 GMT" time="0.028" errors="0">
  <testcase name="@BeforeClass log4j" time="0.0" classname="API.RestAssured.Base_Class">
    <skipped/>
  </testcase> <!-- @BeforeClass log4j -->
  <testcase name="ady" time="0.0" classname="API.RestAssured.Get_Request">
    <skipped/>
  </testcase> <!-- ady -->
</testsuite> <!-- Get_Request -->
