<?xml version="1.0" encoding="UTF-8"?>
<!-- Generated by org.testng.reporters.JUnitXMLReporter -->
<testsuite hostname="Adityaalok" ignored="0" name="Put_Request" tests="1" failures="0" timestamp="01 Nov 2019 05:52:51 GMT" time="0.007" errors="0">
  <testcase name="@BeforeSuite GetRequest" time="0.0" classname="API.RestAssured.Get_Request">
    <failure type="java.lang.NullPointerException">
      <![CDATA[java.lang.NullPointerException
at API.RestAssured.Get_Request.GetRequest(Get_Request.java:30)
... Removed 20 stack frames]]>
    </failure>
  </testcase> <!-- @BeforeSuite GetRequest -->
  <testcase name="@BeforeClass log4j" time="0.0" classname="API.RestAssured.Base_Class">
    <skipped/>
  </testcase> <!-- @BeforeClass log4j -->
  <testcase name="UpdateRecords" time="0.0" classname="API.RestAssured.Put_Request">
    <skipped/>
  </testcase> <!-- UpdateRecords -->
</testsuite> <!-- Put_Request -->
