<?xml version="1.0" encoding="UTF-8"?>
<!-- Generated by org.testng.reporters.JUnitXMLReporter -->
<testsuite hostname="Adityaalok" ignored="8" name="Test" tests="10" failures="0" timestamp="04 Nov 2019 07:26:47 GMT" time="18.657" errors="0">
  <testcase name="Test1" time="2.015" classname="API.RestAssured.Get_Request"/>
  <testcase name="Test2" time="1.172" classname="API.RestAssured.Get_Request"/>
  <testcase name="post" time="1.045" classname="API.RestAssured.Post_Request"/>
  <testcase name="test2" time="1.156" classname="API.RestAssured.Post_Request"/>
  <testcase name="PutRequest1" time="2.446" classname="API.RestAssured.Put_Request"/>
  <testcase name="PutRequest2" time="2.011" classname="API.RestAssured.Put_Request"/>
  <testcase name="PatchRequest1" time="2.219" classname="API.RestAssured.patch_Request"/>
  <testcase name="PatchRequest2" time="1.874" classname="API.RestAssured.patch_Request"/>
  <testcase name="DeleteRequest1" time="1.949" classname="API.RestAssured.delete_Request"/>
  <testcase name="DeleteRequest2" time="2.25" classname="API.RestAssured.delete_Request"/>
  <testcase name="@AfterSuite reportTeardown" time="0.0" classname="API.RestAssured.Base_Class">
    <ignored/>
  </testcase> <!-- @AfterSuite reportTeardown -->
  <testcase name="@AfterSuite reportTeardown" time="0.0" classname="API.RestAssured.Base_Class">
    <ignored/>
  </testcase> <!-- @AfterSuite reportTeardown -->
  <testcase name="@AfterSuite reportTeardown" time="0.0" classname="API.RestAssured.Base_Class">
    <ignored/>
  </testcase> <!-- @AfterSuite reportTeardown -->
  <testcase name="@AfterSuite reportTeardown" time="0.0" classname="API.RestAssured.Base_Class">
    <ignored/>
  </testcase> <!-- @AfterSuite reportTeardown -->
  <testcase name="@BeforeSuite reportSetup" time="0.0" classname="API.RestAssured.Base_Class">
    <ignored/>
  </testcase> <!-- @BeforeSuite reportSetup -->
  <testcase name="@BeforeSuite reportSetup" time="0.0" classname="API.RestAssured.Base_Class">
    <ignored/>
  </testcase> <!-- @BeforeSuite reportSetup -->
  <testcase name="@BeforeSuite reportSetup" time="0.0" classname="API.RestAssured.Base_Class">
    <ignored/>
  </testcase> <!-- @BeforeSuite reportSetup -->
  <testcase name="@BeforeSuite reportSetup" time="0.0" classname="API.RestAssured.Base_Class">
    <ignored/>
  </testcase> <!-- @BeforeSuite reportSetup -->
</testsuite> <!-- Test -->
